<?xml version="1.0" encoding="UTF-8"?>
<!-- Generated by org.testng.reporters.JUnitXMLReporter -->
<testsuite ignored="0" hostname="Mayas-MacBook-Air.local" failures="1" tests="3" name="CheckBoxTestSuite" time="37.862" errors="0" timestamp="2024-04-19T14:59:15 MDT">
  <testcase classname="com.herokuapp.theinternet.alertpagetests.AlertPageTests" name="jsAlertTest" time="6.097">
    <failure type="java.lang.AssertionError" message="result is not expected. 
Should be &amp;apos;You successfuly clicked an alert&amp;apos;, but it is &amp;apos;You successfully clicked an alert&amp;apos; expected [true] but found [false]">
      <![CDATA[java.lang.AssertionError: result is not expected. 
Should be 'You successfuly clicked an alert', but it is 'You successfully clicked an alert' expected [true] but found [false]
at com.herokuapp.theinternet.alertpagetests.AlertPageTests.jsAlertTest(AlertPageTests.java:42)
at java.base/java.util.ArrayList.forEach(ArrayList.java:1511)
... Removed 30 stack frames]]>
    </failure>
  </testcase> <!-- jsAlertTest -->
  <testcase classname="com.herokuapp.theinternet.alertpagetests.AlertPageTests" name="jsDismissTest" time="7.072"/>
  <testcase classname="com.herokuapp.theinternet.alertpagetests.AlertPageTests" name="jsPromptTest" time="6.534"/>
</testsuite> <!-- CheckBoxTestSuite -->
